Crashlog created at 2018-06-08 00:09:23 +0800

===== MESSAGE:

Nanoc::Int::ConfigLoader::NoConfigFileFoundError: No configuration file found

===== STACK TRACE:

  0. /usr/local/lib/ruby/gems/2.4.0/gems/nanoc-4.9.2/lib/nanoc/base/repos/config_loader.rb:44:in `new_from_cwd'
  1. /usr/local/lib/ruby/gems/2.4.0/gems/nanoc-4.9.2/lib/nanoc/cli/commands/view.rb:23:in `run'
  2. /usr/local/lib/ruby/gems/2.4.0/gems/nanoc-4.9.2/lib/nanoc/cli/command_runner.rb:14:in `block in call'
  3. /usr/local/lib/ruby/gems/2.4.0/gems/nanoc-4.9.2/lib/nanoc/cli/error_handler.rb:15:in `block in handle_while'
  4. /usr/local/lib/ruby/gems/2.4.0/gems/nanoc-4.9.2/lib/nanoc/cli/error_handler.rb:57:in `handle_while'
  5. /usr/local/lib/ruby/gems/2.4.0/gems/nanoc-4.9.2/lib/nanoc/cli/error_handler.rb:15:in `handle_while'
  6. /usr/local/lib/ruby/gems/2.4.0/gems/nanoc-4.9.2/lib/nanoc/cli/command_runner.rb:13:in `call'
  7. /usr/local/lib/ruby/gems/2.4.0/gems/cri-2.10.1/lib/cri/command_dsl.rb:256:in `block in runner'
  8. /usr/local/lib/ruby/gems/2.4.0/gems/cri-2.10.1/lib/cri/command.rb:329:in `run_this'
  9. /usr/local/lib/ruby/gems/2.4.0/gems/cri-2.10.1/lib/cri/command.rb:269:in `run'
  10. /usr/local/lib/ruby/gems/2.4.0/gems/cri-2.10.1/lib/cri/command.rb:287:in `run'
  11. /usr/local/lib/ruby/gems/2.4.0/gems/nanoc-4.9.2/lib/nanoc/cli.rb:63:in `block in run'
  12. /usr/local/lib/ruby/gems/2.4.0/gems/nanoc-4.9.2/lib/nanoc/cli/error_handler.rb:15:in `block in handle_while'
  13. /usr/local/lib/ruby/gems/2.4.0/gems/nanoc-4.9.2/lib/nanoc/cli/error_handler.rb:57:in `handle_while'
  14. /usr/local/lib/ruby/gems/2.4.0/gems/nanoc-4.9.2/lib/nanoc/cli/error_handler.rb:15:in `handle_while'
  15. /usr/local/lib/ruby/gems/2.4.0/gems/nanoc-4.9.2/lib/nanoc/cli.rb:61:in `run'
  16. /usr/local/lib/ruby/gems/2.4.0/gems/nanoc-4.9.2/bin/nanoc:18:in `<top (required)>'
  17. /usr/local/bin/nanoc:23:in `load'

===== VERSION INFORMATION:

Nanoc 4.9.2 © 2007-2018 Denis Defreyne.
Running ruby 2.4.4 (2018-03-28) on x86_64-darwin15 with RubyGems 2.6.14.1.

===== SYSTEM INFORMATION:

Darwin karottc-2.local 15.6.0 Darwin Kernel Version 15.6.0: Tue Jan 30 11:45:51 PST 2018; root:xnu-3248.73.8~1/RELEASE_X86_64 x86_64

===== INSTALLED GEMS:

  addressable 2.5.2
  adsf 1.2.1, 1.4.1
  allison 2.0.3
  bigdecimal 1.3.2
  builder 3.2.3
  bundler 1.16.2
  byebug 9.0.6
  coderay 1.1.1
  colored 1.2
  concurrent-ruby 1.0.5
  cri 2.8.0, 2.10.1
  ddmemoize 1.0.0
  ddmetrics 1.0.0
  ddplugin 1.0.1, 1.0.2
  did_you_mean 1.1.0
  echoe 4.6.6
  execjs 2.7.0
  ffi 1.9.18
  formatador 0.2.5
  guard 2.14.1
  guard-bundler 2.1.0
  guard-compat 1.2.1
  guard-nanoc 2.1.2
  hamster 3.0.0
  io-console 0.4.6
  json 2.0.4
  json_pure 2.0.4
  listen 3.1.5
  lumberjack 1.0.11
  method_source 0.8.2
  minitest 5.10.1
  nanoc 4.7.5, 4.9.2
  nanoc-cachebuster 0.4.0
  nenv 0.3.0
  net-telnet 0.1.1
  notiffany 0.1.1
  openssl 2.0.7
  pandoc-ruby 2.0.1
  parallel 1.12.1
  power_assert 0.4.1
  pry 0.10.4
  pry-byebug 3.4.2
  psych 2.2.2
  public_suffix 3.0.2
  rack 2.0.1, 2.0.5
  rainpress 1.0.1
  rake 12.0.0, 12.3.1
  rb-fsevent 0.9.8
  rb-inotify 0.9.8
  rdoc 5.0.0, 5.1.0
  ref 2.0.0
  ruby_dep 1.5.0
  rubyforge 2.0.4
  rubypants 0.6.0
  sass 3.4.23
  shellany 0.0.1
  slim 3.0.7
  slop 3.6.0
  slow_enumerator_tools 1.1.0
  temple 0.7.7
  test-unit 3.2.3
  thor 0.19.4
  tilt 2.0.7
  tomlrb 1.2.6
  typogruby 1.0.18
  uglifier 3.2.0
  xmlrpc 0.2.1

===== LOAD PATHS:

  0. /usr/local/lib/ruby/gems/2.4.0/gems/ref-2.0.0/lib
  1. /usr/local/lib/ruby/gems/2.4.0/gems/did_you_mean-1.1.0/lib
  2. /usr/local/lib/ruby/gems/2.4.0/gems/public_suffix-3.0.2/lib
  3. /usr/local/lib/ruby/gems/2.4.0/gems/addressable-2.5.2/lib
  4. /usr/local/lib/ruby/gems/2.4.0/gems/ddmetrics-1.0.0/lib
  5. /usr/local/lib/ruby/gems/2.4.0/gems/ref-2.0.0/lib
  6. /usr/local/lib/ruby/gems/2.4.0/gems/ddmemoize-1.0.0/lib
  7. /usr/local/lib/ruby/gems/2.4.0/gems/concurrent-ruby-1.0.5/lib
  8. /usr/local/lib/ruby/gems/2.4.0/gems/hamster-3.0.0/lib
  9. /usr/local/lib/ruby/gems/2.4.0/gems/parallel-1.12.1/lib
  10. /usr/local/lib/ruby/gems/2.4.0/gems/slow_enumerator_tools-1.1.0/lib
  11. /usr/local/lib/ruby/gems/2.4.0/gems/tomlrb-1.2.6/lib
  12. /usr/local/lib/ruby/gems/2.4.0/gems/nanoc-4.9.2/lib
  13. /usr/local/lib/ruby/gems/2.4.0/gems/ddplugin-1.0.2/lib
  14. /usr/local/lib/ruby/gems/2.4.0/gems/colored-1.2/lib
  15. /usr/local/lib/ruby/gems/2.4.0/gems/cri-2.10.1/lib
  16. /usr/local/lib/ruby/gems/2.4.0/gems/adsf-1.4.1/lib
  17. /usr/local/lib/ruby/gems/2.4.0/gems/rack-2.0.5/lib
  18. /usr/local/lib/ruby/site_ruby/2.4.0
  19. /usr/local/lib/ruby/site_ruby/2.4.0/x86_64-darwin15
  20. /usr/local/lib/ruby/site_ruby
  21. /usr/local/lib/ruby/vendor_ruby/2.4.0
  22. /usr/local/lib/ruby/vendor_ruby/2.4.0/x86_64-darwin15
  23. /usr/local/lib/ruby/vendor_ruby
  24. /usr/local/lib/ruby/2.4.0
  25. /usr/local/lib/ruby/2.4.0/x86_64-darwin15
